[0.007s] Invoking command in '/home/weixinhum/CTFMRFv2/CTFMRFv2/build/ctfmrfv2': CMAKE_PREFIX_PATH=${CMAKE_PREFIX_PATH}:/opt/ros/rolling CONDA_PROMPT_MODIFIER=(base) DEBUGINFOD_URLS=https://debuginfod.ubuntu.com /usr/bin/cmake --build /home/weixinhum/CTFMRFv2/CTFMRFv2/build/ctfmrfv2 -- -j24 -l24
[0.045s] [100%] Built target CTFMRFv2
[0.053s] Invoked command in '/home/weixinhum/CTFMRFv2/CTFMRFv2/build/ctfmrfv2' returned '0': CMAKE_PREFIX_PATH=${CMAKE_PREFIX_PATH}:/opt/ros/rolling CONDA_PROMPT_MODIFIER=(base) DEBUGINFOD_URLS=https://debuginfod.ubuntu.com /usr/bin/cmake --build /home/weixinhum/CTFMRFv2/CTFMRFv2/build/ctfmrfv2 -- -j24 -l24
[0.061s] Invoking command in '/home/weixinhum/CTFMRFv2/CTFMRFv2/build/ctfmrfv2': CMAKE_PREFIX_PATH=${CMAKE_PREFIX_PATH}:/opt/ros/rolling CONDA_PROMPT_MODIFIER=(base) DEBUGINFOD_URLS=https://debuginfod.ubuntu.com /usr/bin/cmake --install /home/weixinhum/CTFMRFv2/CTFMRFv2/build/ctfmrfv2
[0.067s] -- Install configuration: ""
[0.067s] -- Up-to-date: /home/weixinhum/CTFMRFv2/CTFMRFv2/install/ctfmrfv2/lib/ctfmrfv2/CTFMRFv2
[0.068s] -- Up-to-date: /home/weixinhum/CTFMRFv2/CTFMRFv2/install/ctfmrfv2/share/ament_index/resource_index/package_run_dependencies/ctfmrfv2
[0.068s] -- Up-to-date: /home/weixinhum/CTFMRFv2/CTFMRFv2/install/ctfmrfv2/share/ament_index/resource_index/parent_prefix_path/ctfmrfv2
[0.068s] -- Up-to-date: /home/weixinhum/CTFMRFv2/CTFMRFv2/install/ctfmrfv2/share/ctfmrfv2/environment/ament_prefix_path.sh
[0.068s] -- Up-to-date: /home/weixinhum/CTFMRFv2/CTFMRFv2/install/ctfmrfv2/share/ctfmrfv2/environment/ament_prefix_path.dsv
[0.068s] -- Up-to-date: /home/weixinhum/CTFMRFv2/CTFMRFv2/install/ctfmrfv2/share/ctfmrfv2/environment/path.sh
[0.068s] -- Up-to-date: /home/weixinhum/CTFMRFv2/CTFMRFv2/install/ctfmrfv2/share/ctfmrfv2/environment/path.dsv
[0.068s] -- Up-to-date: /home/weixinhum/CTFMRFv2/CTFMRFv2/install/ctfmrfv2/share/ctfmrfv2/local_setup.bash
[0.068s] -- Up-to-date: /home/weixinhum/CTFMRFv2/CTFMRFv2/install/ctfmrfv2/share/ctfmrfv2/local_setup.sh
[0.068s] -- Up-to-date: /home/weixinhum/CTFMRFv2/CTFMRFv2/install/ctfmrfv2/share/ctfmrfv2/local_setup.zsh
[0.068s] -- Up-to-date: /home/weixinhum/CTFMRFv2/CTFMRFv2/install/ctfmrfv2/share/ctfmrfv2/local_setup.dsv
[0.068s] -- Up-to-date: /home/weixinhum/CTFMRFv2/CTFMRFv2/install/ctfmrfv2/share/ctfmrfv2/package.dsv
[0.068s] -- Up-to-date: /home/weixinhum/CTFMRFv2/CTFMRFv2/install/ctfmrfv2/share/ament_index/resource_index/packages/ctfmrfv2
[0.068s] -- Up-to-date: /home/weixinhum/CTFMRFv2/CTFMRFv2/install/ctfmrfv2/share/ctfmrfv2/cmake/ctfmrfv2Config.cmake
[0.068s] -- Up-to-date: /home/weixinhum/CTFMRFv2/CTFMRFv2/install/ctfmrfv2/share/ctfmrfv2/cmake/ctfmrfv2Config-version.cmake
[0.068s] -- Up-to-date: /home/weixinhum/CTFMRFv2/CTFMRFv2/install/ctfmrfv2/share/ctfmrfv2/package.xml
[0.069s] Invoked command in '/home/weixinhum/CTFMRFv2/CTFMRFv2/build/ctfmrfv2' returned '0': CMAKE_PREFIX_PATH=${CMAKE_PREFIX_PATH}:/opt/ros/rolling CONDA_PROMPT_MODIFIER=(base) DEBUGINFOD_URLS=https://debuginfod.ubuntu.com /usr/bin/cmake --install /home/weixinhum/CTFMRFv2/CTFMRFv2/build/ctfmrfv2
