-- The C compiler identification is GNU 13.3.0
-- The CXX compiler identification is GNU 13.3.0
-- Detecting C compiler ABI info
-- Detecting C compiler ABI info - done
-- Check for working C compiler: /usr/bin/cc - skipped
-- Detecting C compile features
-- Detecting C compile features - done
-- Detecting CXX compiler ABI info
-- Detecting CXX compiler ABI info - done
-- Check for working CXX compiler: /usr/bin/c++ - skipped
-- Detecting CXX compile features
-- Detecting CXX compile features - done
-- Found ament_cmake: 2.7.2 (/opt/ros/rolling/share/ament_cmake/cmake)
-- Found Python3: /home/weixinhum/anaconda3/bin/python3 (found version "3.12.7") found components: Interpreter 
-- Found ament_lint_auto: 0.19.1 (/opt/ros/rolling/share/ament_lint_auto/cmake)
-- Added test 'cppcheck' to perform static code analysis on C / C++ code
-- Configured cppcheck include dirs: $<BUILD_INTERFACE:/home/weixinhum/CTFMRFv2/CTFMRFv2/ctfmrfv2/include>
-- Configured cppcheck exclude dirs and/or files: 
-- Added test 'lint_cmake' to check CMake code style
-- Added test 'uncrustify' to check C / C++ code style
-- Configured uncrustify additional arguments: 
-- Added test 'xmllint' to check XML markup files
-- Configuring done (0.5s)
-- Generating done (0.0s)
-- Build files have been written to: /home/weixinhum/CTFMRFv2/CTFMRFv2/build/ctfmrfv2
[ 50%] [32mBuilding CXX object CMakeFiles/CTFMRFv2.dir/src/CTFMRFv2.cpp.o[0m
[100%] [32m[1mLinking CXX executable CTFMRFv2[0m
[100%] Built target CTFMRFv2
-- Install configuration: ""
-- Installing: /home/weixinhum/CTFMRFv2/CTFMRFv2/install/ctfmrfv2/lib/ctfmrfv2/CTFMRFv2
-- Installing: /home/weixinhum/CTFMRFv2/CTFMRFv2/install/ctfmrfv2/share/ament_index/resource_index/package_run_dependencies/ctfmrfv2
-- Installing: /home/weixinhum/CTFMRFv2/CTFMRFv2/install/ctfmrfv2/share/ament_index/resource_index/parent_prefix_path/ctfmrfv2
-- Installing: /home/weixinhum/CTFMRFv2/CTFMRFv2/install/ctfmrfv2/share/ctfmrfv2/environment/ament_prefix_path.sh
-- Installing: /home/weixinhum/CTFMRFv2/CTFMRFv2/install/ctfmrfv2/share/ctfmrfv2/environment/ament_prefix_path.dsv
-- Installing: /home/weixinhum/CTFMRFv2/CTFMRFv2/install/ctfmrfv2/share/ctfmrfv2/environment/path.sh
-- Installing: /home/weixinhum/CTFMRFv2/CTFMRFv2/install/ctfmrfv2/share/ctfmrfv2/environment/path.dsv
-- Installing: /home/weixinhum/CTFMRFv2/CTFMRFv2/install/ctfmrfv2/share/ctfmrfv2/local_setup.bash
-- Installing: /home/weixinhum/CTFMRFv2/CTFMRFv2/install/ctfmrfv2/share/ctfmrfv2/local_setup.sh
-- Installing: /home/weixinhum/CTFMRFv2/CTFMRFv2/install/ctfmrfv2/share/ctfmrfv2/local_setup.zsh
-- Installing: /home/weixinhum/CTFMRFv2/CTFMRFv2/install/ctfmrfv2/share/ctfmrfv2/local_setup.dsv
-- Installing: /home/weixinhum/CTFMRFv2/CTFMRFv2/install/ctfmrfv2/share/ctfmrfv2/package.dsv
-- Installing: /home/weixinhum/CTFMRFv2/CTFMRFv2/install/ctfmrfv2/share/ament_index/resource_index/packages/ctfmrfv2
-- Installing: /home/weixinhum/CTFMRFv2/CTFMRFv2/install/ctfmrfv2/share/ctfmrfv2/cmake/ctfmrfv2Config.cmake
-- Installing: /home/weixinhum/CTFMRFv2/CTFMRFv2/install/ctfmrfv2/share/ctfmrfv2/cmake/ctfmrfv2Config-version.cmake
-- Installing: /home/weixinhum/CTFMRFv2/CTFMRFv2/install/ctfmrfv2/share/ctfmrfv2/package.xml
