-- Found ament_cmake: 2.7.2 (/opt/ros/rolling/share/ament_cmake/cmake)
-- Found ament_lint_auto: 0.19.1 (/opt/ros/rolling/share/ament_lint_auto/cmake)
-- Added test 'cppcheck' to perform static code analysis on C / C++ code
-- Configured cppcheck include dirs: $<BUILD_INTERFACE:/home/weixinhum/CTFMRFv2/CTFMRFv2/CTFMRFv2/include>
-- Configured cppcheck exclude dirs and/or files: 
-- Added test 'lint_cmake' to check CMake code style
-- Added test 'uncrustify' to check C / C++ code style
-- Configured uncrustify additional arguments: 
-- Added test 'xmllint' to check XML markup files
-- Configuring done (0.2s)
-- Generating done (0.0s)
-- Build files have been written to: /home/weixinhum/CTFMRFv2/CTFMRFv2/build/CTFMRFv2
[ 50%] [32mBuilding CXX object CMakeFiles/CTFMRFv2.dir/src/CTFMRFv2.cpp.o[0m
[100%] [32m[1mLinking CXX executable CTFMRFv2[0m
[100%] Built target CTFMRFv2
-- Install configuration: ""
-- Installing: /home/weixinhum/CTFMRFv2/CTFMRFv2/install/CTFMRFv2/lib/CTFMRFv2/CTFMRFv2
-- Installing: /home/weixinhum/CTFMRFv2/CTFMRFv2/install/CTFMRFv2/share/ament_index/resource_index/package_run_dependencies/CTFMRFv2
-- Installing: /home/weixinhum/CTFMRFv2/CTFMRFv2/install/CTFMRFv2/share/ament_index/resource_index/parent_prefix_path/CTFMRFv2
-- Installing: /home/weixinhum/CTFMRFv2/CTFMRFv2/install/CTFMRFv2/share/CTFMRFv2/environment/ament_prefix_path.sh
-- Installing: /home/weixinhum/CTFMRFv2/CTFMRFv2/install/CTFMRFv2/share/CTFMRFv2/environment/ament_prefix_path.dsv
-- Installing: /home/weixinhum/CTFMRFv2/CTFMRFv2/install/CTFMRFv2/share/CTFMRFv2/environment/path.sh
-- Installing: /home/weixinhum/CTFMRFv2/CTFMRFv2/install/CTFMRFv2/share/CTFMRFv2/environment/path.dsv
-- Installing: /home/weixinhum/CTFMRFv2/CTFMRFv2/install/CTFMRFv2/share/CTFMRFv2/local_setup.bash
-- Installing: /home/weixinhum/CTFMRFv2/CTFMRFv2/install/CTFMRFv2/share/CTFMRFv2/local_setup.sh
-- Installing: /home/weixinhum/CTFMRFv2/CTFMRFv2/install/CTFMRFv2/share/CTFMRFv2/local_setup.zsh
-- Installing: /home/weixinhum/CTFMRFv2/CTFMRFv2/install/CTFMRFv2/share/CTFMRFv2/local_setup.dsv
-- Installing: /home/weixinhum/CTFMRFv2/CTFMRFv2/install/CTFMRFv2/share/CTFMRFv2/package.dsv
-- Installing: /home/weixinhum/CTFMRFv2/CTFMRFv2/install/CTFMRFv2/share/ament_index/resource_index/packages/CTFMRFv2
-- Installing: /home/weixinhum/CTFMRFv2/CTFMRFv2/install/CTFMRFv2/share/CTFMRFv2/cmake/CTFMRFv2Config.cmake
-- Installing: /home/weixinhum/CTFMRFv2/CTFMRFv2/install/CTFMRFv2/share/CTFMRFv2/cmake/CTFMRFv2Config-version.cmake
-- Installing: /home/weixinhum/CTFMRFv2/CTFMRFv2/install/CTFMRFv2/share/CTFMRFv2/package.xml
