[0.007s] Invoking command in '/home/weixinhum/CTFMRFv2/CTFMRFv2/build/CTFMRFv2': CMAKE_PREFIX_PATH=${CMAKE_PREFIX_PATH}:/opt/ros/rolling CONDA_PROMPT_MODIFIER=(base) DEBUGINFOD_URLS=https://debuginfod.ubuntu.com /usr/bin/cmake /home/weixinhum/CTFMRFv2/CTFMRFv2/CTFMRFv2 -DCMAKE_INSTALL_PREFIX=/home/weixinhum/CTFMRFv2/CTFMRFv2/install/CTFMRFv2
[0.017s] -- Found ament_cmake: 2.7.2 (/opt/ros/rolling/share/ament_cmake/cmake)
[0.170s] -- Found ament_lint_auto: 0.19.1 (/opt/ros/rolling/share/ament_lint_auto/cmake)
[0.224s] WARNING: Package name "CTFMRFv2" does not follow the naming conventions. It should start with a lower case letter and only contain lower case letters, digits, underscores, and dashes.
[0.247s] -- Added test 'cppcheck' to perform static code analysis on C / C++ code
[0.247s] -- Configured cppcheck include dirs: $<BUILD_INTERFACE:/home/weixinhum/CTFMRFv2/CTFMRFv2/CTFMRFv2/include>
[0.247s] -- Configured cppcheck exclude dirs and/or files: 
[0.248s] -- Added test 'lint_cmake' to check CMake code style
[0.249s] -- Added test 'uncrustify' to check C / C++ code style
[0.249s] -- Configured uncrustify additional arguments: 
[0.250s] -- Added test 'xmllint' to check XML markup files
[0.251s] -- Configuring done (0.2s)
[0.255s] -- Generating done (0.0s)
[0.256s] -- Build files have been written to: /home/weixinhum/CTFMRFv2/CTFMRFv2/build/CTFMRFv2
[0.259s] Invoked command in '/home/weixinhum/CTFMRFv2/CTFMRFv2/build/CTFMRFv2' returned '0': CMAKE_PREFIX_PATH=${CMAKE_PREFIX_PATH}:/opt/ros/rolling CONDA_PROMPT_MODIFIER=(base) DEBUGINFOD_URLS=https://debuginfod.ubuntu.com /usr/bin/cmake /home/weixinhum/CTFMRFv2/CTFMRFv2/CTFMRFv2 -DCMAKE_INSTALL_PREFIX=/home/weixinhum/CTFMRFv2/CTFMRFv2/install/CTFMRFv2
[0.260s] Invoking command in '/home/weixinhum/CTFMRFv2/CTFMRFv2/build/CTFMRFv2': CMAKE_PREFIX_PATH=${CMAKE_PREFIX_PATH}:/opt/ros/rolling CONDA_PROMPT_MODIFIER=(base) DEBUGINFOD_URLS=https://debuginfod.ubuntu.com /usr/bin/cmake --build /home/weixinhum/CTFMRFv2/CTFMRFv2/build/CTFMRFv2 -- -j24 -l24
[0.297s] [ 50%] [32mBuilding CXX object CMakeFiles/CTFMRFv2.dir/src/CTFMRFv2.cpp.o[0m
[0.319s] [100%] [32m[1mLinking CXX executable CTFMRFv2[0m
[0.353s] [100%] Built target CTFMRFv2
[0.362s] Invoked command in '/home/weixinhum/CTFMRFv2/CTFMRFv2/build/CTFMRFv2' returned '0': CMAKE_PREFIX_PATH=${CMAKE_PREFIX_PATH}:/opt/ros/rolling CONDA_PROMPT_MODIFIER=(base) DEBUGINFOD_URLS=https://debuginfod.ubuntu.com /usr/bin/cmake --build /home/weixinhum/CTFMRFv2/CTFMRFv2/build/CTFMRFv2 -- -j24 -l24
[0.369s] Invoking command in '/home/weixinhum/CTFMRFv2/CTFMRFv2/build/CTFMRFv2': CMAKE_PREFIX_PATH=${CMAKE_PREFIX_PATH}:/opt/ros/rolling CONDA_PROMPT_MODIFIER=(base) DEBUGINFOD_URLS=https://debuginfod.ubuntu.com /usr/bin/cmake --install /home/weixinhum/CTFMRFv2/CTFMRFv2/build/CTFMRFv2
[0.374s] -- Install configuration: ""
[0.374s] -- Installing: /home/weixinhum/CTFMRFv2/CTFMRFv2/install/CTFMRFv2/lib/CTFMRFv2/CTFMRFv2
[0.375s] -- Installing: /home/weixinhum/CTFMRFv2/CTFMRFv2/install/CTFMRFv2/share/ament_index/resource_index/package_run_dependencies/CTFMRFv2
[0.375s] -- Installing: /home/weixinhum/CTFMRFv2/CTFMRFv2/install/CTFMRFv2/share/ament_index/resource_index/parent_prefix_path/CTFMRFv2
[0.375s] -- Installing: /home/weixinhum/CTFMRFv2/CTFMRFv2/install/CTFMRFv2/share/CTFMRFv2/environment/ament_prefix_path.sh
[0.375s] -- Installing: /home/weixinhum/CTFMRFv2/CTFMRFv2/install/CTFMRFv2/share/CTFMRFv2/environment/ament_prefix_path.dsv
[0.375s] -- Installing: /home/weixinhum/CTFMRFv2/CTFMRFv2/install/CTFMRFv2/share/CTFMRFv2/environment/path.sh
[0.375s] -- Installing: /home/weixinhum/CTFMRFv2/CTFMRFv2/install/CTFMRFv2/share/CTFMRFv2/environment/path.dsv
[0.375s] -- Installing: /home/weixinhum/CTFMRFv2/CTFMRFv2/install/CTFMRFv2/share/CTFMRFv2/local_setup.bash
[0.376s] -- Installing: /home/weixinhum/CTFMRFv2/CTFMRFv2/install/CTFMRFv2/share/CTFMRFv2/local_setup.sh
[0.376s] -- Installing: /home/weixinhum/CTFMRFv2/CTFMRFv2/install/CTFMRFv2/share/CTFMRFv2/local_setup.zsh
[0.376s] -- Installing: /home/weixinhum/CTFMRFv2/CTFMRFv2/install/CTFMRFv2/share/CTFMRFv2/local_setup.dsv
[0.376s] -- Installing: /home/weixinhum/CTFMRFv2/CTFMRFv2/install/CTFMRFv2/share/CTFMRFv2/package.dsv
[0.376s] -- Installing: /home/weixinhum/CTFMRFv2/CTFMRFv2/install/CTFMRFv2/share/ament_index/resource_index/packages/CTFMRFv2
[0.376s] -- Installing: /home/weixinhum/CTFMRFv2/CTFMRFv2/install/CTFMRFv2/share/CTFMRFv2/cmake/CTFMRFv2Config.cmake
[0.376s] -- Installing: /home/weixinhum/CTFMRFv2/CTFMRFv2/install/CTFMRFv2/share/CTFMRFv2/cmake/CTFMRFv2Config-version.cmake
[0.377s] -- Installing: /home/weixinhum/CTFMRFv2/CTFMRFv2/install/CTFMRFv2/share/CTFMRFv2/package.xml
[0.378s] Invoked command in '/home/weixinhum/CTFMRFv2/CTFMRFv2/build/CTFMRFv2' returned '0': CMAKE_PREFIX_PATH=${CMAKE_PREFIX_PATH}:/opt/ros/rolling CONDA_PROMPT_MODIFIER=(base) DEBUGINFOD_URLS=https://debuginfod.ubuntu.com /usr/bin/cmake --install /home/weixinhum/CTFMRFv2/CTFMRFv2/build/CTFMRFv2
