[0.076s] DEBUG:colcon:Command line arguments: ['/usr/bin/colcon', 'build']
[0.076s] DEBUG:colcon:Parsed command line arguments: Namespace(log_base=None, log_level=None, verb_name='build', build_base='build', install_base='install', merge_install=False, symlink_install=False, test_result_base=None, continue_on_error=False, executor='parallel', parallel_workers=24, event_handlers=None, ignore_user_meta=False, metas=['./colcon.meta'], base_paths=['.'], packages_ignore=None, packages_ignore_regex=None, paths=None, packages_up_to=None, packages_up_to_regex=None, packages_above=None, packages_above_and_dependencies=None, packages_above_depth=None, packages_select_by_dep=None, packages_skip_by_dep=None, packages_skip_up_to=None, packages_select_build_failed=False, packages_skip_build_finished=False, packages_select_test_failures=False, packages_skip_test_passed=False, packages_select=None, packages_skip=None, packages_select_regex=None, packages_skip_regex=None, packages_start=None, packages_end=None, allow_overriding=[], cmake_args=None, cmake_target=None, cmake_target_skip_unavailable=False, cmake_clean_cache=False, cmake_clean_first=False, cmake_force_configure=False, ament_cmake_args=None, catkin_cmake_args=None, catkin_skip_building_tests=False, verb_parser=<colcon_defaults.argument_parser.defaults.DefaultArgumentsDecorator object at 0x7237216706e0>, verb_extension=<colcon_core.verb.build.BuildVerb object at 0x7237217de5d0>, main=<bound method BuildVerb.main of <colcon_core.verb.build.BuildVerb object at 0x7237217de5d0>>)
[0.105s] Level 1:colcon.colcon_core.package_discovery:discover_packages(colcon_meta) check parameters
[0.106s] Level 1:colcon.colcon_core.package_discovery:discover_packages(recursive) check parameters
[0.106s] Level 1:colcon.colcon_core.package_discovery:discover_packages(ignore) check parameters
[0.106s] Level 1:colcon.colcon_core.package_discovery:discover_packages(path) check parameters
[0.106s] Level 1:colcon.colcon_core.package_discovery:discover_packages(colcon_meta) discover
[0.106s] Level 1:colcon.colcon_core.package_discovery:discover_packages(recursive) discover
[0.106s] INFO:colcon.colcon_core.package_discovery:Crawling recursively for packages in '/home/weixinhum/CTFMRFv2/CTFMRFv2'
[0.106s] Level 1:colcon.colcon_core.package_identification:_identify(.) by extensions ['ignore', 'ignore_ament_install']
[0.106s] Level 1:colcon.colcon_core.package_identification:_identify(.) by extension 'ignore'
[0.106s] Level 1:colcon.colcon_core.package_identification:_identify(.) by extension 'ignore_ament_install'
[0.106s] Level 1:colcon.colcon_core.package_identification:_identify(.) by extensions ['colcon_pkg']
[0.106s] Level 1:colcon.colcon_core.package_identification:_identify(.) by extension 'colcon_pkg'
[0.106s] Level 1:colcon.colcon_core.package_identification:_identify(.) by extensions ['colcon_meta']
[0.106s] Level 1:colcon.colcon_core.package_identification:_identify(.) by extension 'colcon_meta'
[0.106s] Level 1:colcon.colcon_core.package_identification:_identify(.) by extensions ['ros']
[0.106s] Level 1:colcon.colcon_core.package_identification:_identify(.) by extension 'ros'
[0.124s] Level 1:colcon.colcon_core.package_identification:_identify(.) by extensions ['cmake', 'python']
[0.124s] Level 1:colcon.colcon_core.package_identification:_identify(.) by extension 'cmake'
[0.124s] Level 1:colcon.colcon_core.package_identification:_identify(.) by extension 'python'
[0.124s] Level 1:colcon.colcon_core.package_identification:_identify(.) by extensions ['python_setup_py']
[0.124s] Level 1:colcon.colcon_core.package_identification:_identify(.) by extension 'python_setup_py'
[0.124s] Level 1:colcon.colcon_core.package_identification:_identify(CTFMRFv2) by extensions ['ignore', 'ignore_ament_install']
[0.124s] Level 1:colcon.colcon_core.package_identification:_identify(CTFMRFv2) by extension 'ignore'
[0.124s] Level 1:colcon.colcon_core.package_identification:_identify(CTFMRFv2) by extension 'ignore_ament_install'
[0.124s] Level 1:colcon.colcon_core.package_identification:_identify(CTFMRFv2) by extensions ['colcon_pkg']
[0.124s] Level 1:colcon.colcon_core.package_identification:_identify(CTFMRFv2) by extension 'colcon_pkg'
[0.124s] Level 1:colcon.colcon_core.package_identification:_identify(CTFMRFv2) by extensions ['colcon_meta']
[0.124s] Level 1:colcon.colcon_core.package_identification:_identify(CTFMRFv2) by extension 'colcon_meta'
[0.124s] Level 1:colcon.colcon_core.package_identification:_identify(CTFMRFv2) by extensions ['ros']
[0.124s] Level 1:colcon.colcon_core.package_identification:_identify(CTFMRFv2) by extension 'ros'
[0.126s] DEBUG:colcon.colcon_core.package_identification:Package 'CTFMRFv2' with type 'ros.ament_cmake' and name 'CTFMRFv2'
[0.126s] Level 1:colcon.colcon_core.package_identification:_identify(build) by extensions ['ignore', 'ignore_ament_install']
[0.126s] Level 1:colcon.colcon_core.package_identification:_identify(build) by extension 'ignore'
[0.126s] Level 1:colcon.colcon_core.package_identification:_identify(build) ignored
[0.126s] Level 1:colcon.colcon_core.package_identification:_identify(install) by extensions ['ignore', 'ignore_ament_install']
[0.126s] Level 1:colcon.colcon_core.package_identification:_identify(install) by extension 'ignore'
[0.126s] Level 1:colcon.colcon_core.package_identification:_identify(install) ignored
[0.126s] Level 1:colcon.colcon_core.package_identification:_identify(log) by extensions ['ignore', 'ignore_ament_install']
[0.126s] Level 1:colcon.colcon_core.package_identification:_identify(log) by extension 'ignore'
[0.126s] Level 1:colcon.colcon_core.package_identification:_identify(log) ignored
[0.126s] Level 1:colcon.colcon_core.package_discovery:discover_packages(recursive) using defaults
[0.126s] Level 1:colcon.colcon_core.package_discovery:discover_packages(ignore) discover
[0.126s] Level 1:colcon.colcon_core.package_discovery:discover_packages(ignore) using defaults
[0.126s] Level 1:colcon.colcon_core.package_discovery:discover_packages(path) discover
[0.126s] Level 1:colcon.colcon_core.package_discovery:discover_packages(path) using defaults
[0.139s] Level 1:colcon.colcon_core.package_discovery:discover_packages(prefix_path) check parameters
[0.139s] Level 1:colcon.colcon_core.package_discovery:discover_packages(prefix_path) discover
[0.141s] DEBUG:colcon.colcon_installed_package_information.package_discovery:Found 3 installed packages in /home/weixinhum/ros2-for-ptcloud/install
[0.142s] DEBUG:colcon.colcon_installed_package_information.package_discovery:Found 286 installed packages in /opt/ros/rolling
[0.142s] Level 1:colcon.colcon_core.package_discovery:discover_packages(prefix_path) using defaults
[0.174s] Level 5:colcon.colcon_core.verb:set package 'CTFMRFv2' build argument 'cmake_args' from command line to 'None'
[0.174s] Level 5:colcon.colcon_core.verb:set package 'CTFMRFv2' build argument 'cmake_target' from command line to 'None'
[0.174s] Level 5:colcon.colcon_core.verb:set package 'CTFMRFv2' build argument 'cmake_target_skip_unavailable' from command line to 'False'
[0.174s] Level 5:colcon.colcon_core.verb:set package 'CTFMRFv2' build argument 'cmake_clean_cache' from command line to 'False'
[0.174s] Level 5:colcon.colcon_core.verb:set package 'CTFMRFv2' build argument 'cmake_clean_first' from command line to 'False'
[0.174s] Level 5:colcon.colcon_core.verb:set package 'CTFMRFv2' build argument 'cmake_force_configure' from command line to 'False'
[0.174s] Level 5:colcon.colcon_core.verb:set package 'CTFMRFv2' build argument 'ament_cmake_args' from command line to 'None'
[0.174s] Level 5:colcon.colcon_core.verb:set package 'CTFMRFv2' build argument 'catkin_cmake_args' from command line to 'None'
[0.174s] Level 5:colcon.colcon_core.verb:set package 'CTFMRFv2' build argument 'catkin_skip_building_tests' from command line to 'False'
[0.174s] DEBUG:colcon.colcon_core.verb:Building package 'CTFMRFv2' with the following arguments: {'ament_cmake_args': None, 'build_base': '/home/weixinhum/CTFMRFv2/CTFMRFv2/build/CTFMRFv2', 'catkin_cmake_args': None, 'catkin_skip_building_tests': False, 'cmake_args': None, 'cmake_clean_cache': False, 'cmake_clean_first': False, 'cmake_force_configure': False, 'cmake_target': None, 'cmake_target_skip_unavailable': False, 'install_base': '/home/weixinhum/CTFMRFv2/CTFMRFv2/install/CTFMRFv2', 'merge_install': False, 'path': '/home/weixinhum/CTFMRFv2/CTFMRFv2/CTFMRFv2', 'symlink_install': False, 'test_result_base': None}
[0.174s] INFO:colcon.colcon_core.executor:Executing jobs using 'parallel' executor
[0.175s] DEBUG:colcon.colcon_parallel_executor.executor.parallel:run_until_complete
[0.175s] INFO:colcon.colcon_ros.task.ament_cmake.build:Building ROS package in '/home/weixinhum/CTFMRFv2/CTFMRFv2/CTFMRFv2' with build type 'ament_cmake'
[0.175s] INFO:colcon.colcon_cmake.task.cmake.build:Building CMake package in '/home/weixinhum/CTFMRFv2/CTFMRFv2/CTFMRFv2'
[0.176s] INFO:colcon.colcon_core.plugin_system:Skipping extension 'colcon_core.shell.bat': Not used on non-Windows systems
[0.176s] INFO:colcon.colcon_core.shell:Skip shell extension 'powershell' for command environment: Not usable outside of PowerShell
[0.177s] DEBUG:colcon.colcon_core.shell:Skip shell extension 'dsv' for command environment
[0.182s] DEBUG:colcon.colcon_core.event_handler.log_command:Invoking command in '/home/weixinhum/CTFMRFv2/CTFMRFv2/build/CTFMRFv2': CMAKE_PREFIX_PATH=${CMAKE_PREFIX_PATH}:/opt/ros/rolling CONDA_PROMPT_MODIFIER=(base) DEBUGINFOD_URLS=https://debuginfod.ubuntu.com /usr/bin/cmake /home/weixinhum/CTFMRFv2/CTFMRFv2/CTFMRFv2 -DCMAKE_INSTALL_PREFIX=/home/weixinhum/CTFMRFv2/CTFMRFv2/install/CTFMRFv2
[0.691s] DEBUG:colcon.colcon_core.event_handler.log_command:Invoked command in '/home/weixinhum/CTFMRFv2/CTFMRFv2/build/CTFMRFv2' returned '1': CMAKE_PREFIX_PATH=${CMAKE_PREFIX_PATH}:/opt/ros/rolling CONDA_PROMPT_MODIFIER=(base) DEBUGINFOD_URLS=https://debuginfod.ubuntu.com /usr/bin/cmake /home/weixinhum/CTFMRFv2/CTFMRFv2/CTFMRFv2 -DCMAKE_INSTALL_PREFIX=/home/weixinhum/CTFMRFv2/CTFMRFv2/install/CTFMRFv2
[0.701s] Level 1:colcon.colcon_core.environment:create_environment_scripts_only(CTFMRFv2)
[0.703s] Level 1:colcon.colcon_core.environment:checking '/home/weixinhum/CTFMRFv2/CTFMRFv2/install/CTFMRFv2' for CMake module files
[0.703s] Level 1:colcon.colcon_core.environment:checking '/home/weixinhum/CTFMRFv2/CTFMRFv2/install/CTFMRFv2' for CMake config files
[0.703s] Level 1:colcon.colcon_core.environment:checking '/home/weixinhum/CTFMRFv2/CTFMRFv2/install/CTFMRFv2/bin'
[0.703s] Level 1:colcon.colcon_core.environment:checking '/home/weixinhum/CTFMRFv2/CTFMRFv2/install/CTFMRFv2/lib/pkgconfig/CTFMRFv2.pc'
[0.704s] Level 1:colcon.colcon_core.environment:checking '/home/weixinhum/CTFMRFv2/CTFMRFv2/install/CTFMRFv2/lib/python3.12/site-packages'
[0.704s] Level 1:colcon.colcon_core.environment:checking '/home/weixinhum/CTFMRFv2/CTFMRFv2/install/CTFMRFv2/bin'
[0.704s] INFO:colcon.colcon_core.shell:Creating package script '/home/weixinhum/CTFMRFv2/CTFMRFv2/install/CTFMRFv2/share/CTFMRFv2/package.ps1'
[0.704s] INFO:colcon.colcon_core.shell:Creating package descriptor '/home/weixinhum/CTFMRFv2/CTFMRFv2/install/CTFMRFv2/share/CTFMRFv2/package.dsv'
[0.705s] INFO:colcon.colcon_core.shell:Creating package script '/home/weixinhum/CTFMRFv2/CTFMRFv2/install/CTFMRFv2/share/CTFMRFv2/package.sh'
[0.705s] INFO:colcon.colcon_core.shell:Creating package script '/home/weixinhum/CTFMRFv2/CTFMRFv2/install/CTFMRFv2/share/CTFMRFv2/package.bash'
[0.705s] INFO:colcon.colcon_core.shell:Creating package script '/home/weixinhum/CTFMRFv2/CTFMRFv2/install/CTFMRFv2/share/CTFMRFv2/package.zsh'
[0.706s] Level 1:colcon.colcon_core.environment:create_file_with_runtime_dependencies(/home/weixinhum/CTFMRFv2/CTFMRFv2/install/CTFMRFv2/share/colcon-core/packages/CTFMRFv2)
[0.716s] DEBUG:colcon.colcon_parallel_executor.executor.parallel:closing loop
[0.716s] DEBUG:colcon.colcon_parallel_executor.executor.parallel:loop closed
[0.716s] DEBUG:colcon.colcon_parallel_executor.executor.parallel:run_until_complete finished with '1'
[0.716s] DEBUG:colcon.colcon_core.event_reactor:joining thread
[0.720s] INFO:colcon.colcon_core.plugin_system:Skipping extension 'colcon_notification.desktop_notification.terminal_notifier': Not used on non-Darwin systems
[0.720s] INFO:colcon.colcon_core.plugin_system:Skipping extension 'colcon_notification.desktop_notification.win32': Not used on non-Windows systems
[0.720s] INFO:colcon.colcon_notification.desktop_notification:Sending desktop notification using 'notify2'
[0.729s] DEBUG:colcon.colcon_core.event_reactor:joined thread
[0.729s] INFO:colcon.colcon_core.shell:Creating prefix script '/home/weixinhum/CTFMRFv2/CTFMRFv2/install/local_setup.ps1'
[0.730s] INFO:colcon.colcon_core.shell:Creating prefix util module '/home/weixinhum/CTFMRFv2/CTFMRFv2/install/_local_setup_util_ps1.py'
[0.731s] INFO:colcon.colcon_core.shell:Creating prefix chain script '/home/weixinhum/CTFMRFv2/CTFMRFv2/install/setup.ps1'
[0.732s] INFO:colcon.colcon_core.shell:Creating prefix script '/home/weixinhum/CTFMRFv2/CTFMRFv2/install/local_setup.sh'
[0.732s] INFO:colcon.colcon_core.shell:Creating prefix util module '/home/weixinhum/CTFMRFv2/CTFMRFv2/install/_local_setup_util_sh.py'
[0.732s] INFO:colcon.colcon_core.shell:Creating prefix chain script '/home/weixinhum/CTFMRFv2/CTFMRFv2/install/setup.sh'
[0.733s] INFO:colcon.colcon_core.shell:Creating prefix script '/home/weixinhum/CTFMRFv2/CTFMRFv2/install/local_setup.bash'
[0.733s] INFO:colcon.colcon_core.shell:Creating prefix chain script '/home/weixinhum/CTFMRFv2/CTFMRFv2/install/setup.bash'
[0.734s] INFO:colcon.colcon_core.shell:Creating prefix script '/home/weixinhum/CTFMRFv2/CTFMRFv2/install/local_setup.zsh'
[0.734s] INFO:colcon.colcon_core.shell:Creating prefix chain script '/home/weixinhum/CTFMRFv2/CTFMRFv2/install/setup.zsh'
