[0.006s] Invoking command in '/home/weixinhum/CTFMRFv2/CTFMRFv2/build/CTFMRFv2': CMAKE_PREFIX_PATH=${CMAKE_PREFIX_PATH}:/opt/ros/rolling CONDA_PROMPT_MODIFIER=(base) DEBUGINFOD_URLS=https://debuginfod.ubuntu.com /usr/bin/cmake /home/weixinhum/CTFMRFv2/CTFMRFv2/CTFMRFv2 -DCMAKE_INSTALL_PREFIX=/home/weixinhum/CTFMRFv2/CTFMRFv2/install/CTFMRFv2
[0.072s] -- The C compiler identification is GNU 13.3.0
[0.117s] -- The CXX compiler identification is GNU 13.3.0
[0.136s] -- Detecting C compiler ABI info
[0.205s] -- Detecting C compiler ABI info - done
[0.212s] -- Check for working C compiler: /usr/bin/cc - skipped
[0.212s] -- Detecting C compile features
[0.212s] -- Detecting C compile features - done
[0.220s] -- Detecting CXX compiler ABI info
[0.294s] -- Detecting CXX compiler ABI info - done
[0.301s] -- Check for working CXX compiler: /usr/bin/c++ - skipped
[0.302s] -- Detecting CXX compile features
[0.302s] -- Detecting CXX compile features - done
[0.309s] -- Found ament_cmake: 2.7.2 (/opt/ros/rolling/share/ament_cmake/cmake)
[0.410s] -- Found Python3: /home/weixinhum/anaconda3/bin/python3 (found version "3.12.7") found components: Interpreter 
[0.492s] -- Found ament_lint_auto: 0.19.1 (/opt/ros/rolling/share/ament_lint_auto/cmake)
[0.509s] Traceback (most recent call last):
[0.509s]   File "/opt/ros/rolling/share/ament_cmake_core/cmake/core/package_xml_2_cmake.py", line 22, in <module>
[0.509s]     from catkin_pkg.package import parse_package_string
[0.509s] ModuleNotFoundError: No module named 'catkin_pkg'
[0.511s] [31mCMake Error at /opt/ros/rolling/share/ament_cmake_core/cmake/core/ament_package_xml.cmake:95 (message):
[0.511s]   execute_process(/home/weixinhum/anaconda3/bin/python3
[0.511s]   /opt/ros/rolling/share/ament_cmake_core/cmake/core/package_xml_2_cmake.py
[0.511s]   /home/weixinhum/CTFMRFv2/CTFMRFv2/CTFMRFv2/package.xml
[0.511s]   /home/weixinhum/CTFMRFv2/CTFMRFv2/build/CTFMRFv2/ament_cmake_core/package.cmake)
[0.511s]   returned error code 1
[0.511s] Call Stack (most recent call first):
[0.511s]   /opt/ros/rolling/share/ament_cmake_core/cmake/core/ament_package_xml.cmake:49 (_ament_package_xml)
[0.511s]   /opt/ros/rolling/share/ament_lint_auto/cmake/ament_lint_auto_find_test_dependencies.cmake:31 (ament_package_xml)
[0.511s]   CMakeLists.txt:32 (ament_lint_auto_find_test_dependencies)
[0.512s] 
[0.512s] [0m
[0.512s] -- Configuring incomplete, errors occurred!
[0.516s] Invoked command in '/home/weixinhum/CTFMRFv2/CTFMRFv2/build/CTFMRFv2' returned '1': CMAKE_PREFIX_PATH=${CMAKE_PREFIX_PATH}:/opt/ros/rolling CONDA_PROMPT_MODIFIER=(base) DEBUGINFOD_URLS=https://debuginfod.ubuntu.com /usr/bin/cmake /home/weixinhum/CTFMRFv2/CTFMRFv2/CTFMRFv2 -DCMAKE_INSTALL_PREFIX=/home/weixinhum/CTFMRFv2/CTFMRFv2/install/CTFMRFv2
